<?xml version="1.0" encoding="UTF-8"?>
<!-- Generated by org.testng.reporters.JUnitXMLReporter -->
<testsuite hostname="AHMLPT0512" name="SmokeTest" tests="2" failures="2" timestamp="14 Oct 2017 06:06:59 GMT" time="31.119" errors="0">
  <testcase name="Headerlinktest" time="4.831" classname="com.wbl.HomePageTest">
    <failure type="java.lang.AssertionError" message="expected [0] but found [11]">
      <![CDATA[java.lang.AssertionError: expected [0] but found [11]
	at com.wbl.HomePageTest.Headerlinktest(HomePageTest.java:44)
... Removed 29 stack frames]]>
    </failure>
  </testcase> <!-- Headerlinktest -->
  <testcase name="ClickSearchResult" time="9.854" classname="com.wbl.SearchResultPageTest">
    <failure type="org.openqa.selenium.WebDriverException" message="unknown error: Element is not clickable at point (905, 634)
  (Session info: chrome=61.0.3163.100)
  (Driver info: chromedriver=2.30.477700 (0057494ad8732195794a7b32078424f92a5fce41),platform=Windows NT 6.3.9600 x86_64) (WARNING: The server did not provide any stacktrace information)
Command duration or timeout: 63 milliseconds
Build info: version: &amp;apos;3.3.0&amp;apos;, revision: &amp;apos;b526bd5b41&amp;apos;, time: &amp;apos;2017-03-07 19:26:04 +0000&amp;apos;
System info: host: &amp;apos;AHMLPT0512&amp;apos;, ip: &amp;apos;10.0.10.51&amp;apos;, os.name: &amp;apos;Windows 8.1&amp;apos;, os.arch: &amp;apos;amd64&amp;apos;, os.version: &amp;apos;6.3&amp;apos;, java.version: &amp;apos;1.8.0_121&amp;apos;
Driver info: org.openqa.selenium.chrome.ChromeDriver
Capabilities [{applicationCacheEnabled=false, rotatable=false, mobileEmulationEnabled=false, networkConnectionEnabled=false, chrome={chromedriverVersion=2.30.477700 (0057494ad8732195794a7b32078424f92a5fce41), userDataDir=C:\Users\PRANAV~1.SHA\AppData\Local\Temp\scoped_dir5812_306}, takesHeapSnapshot=true, pageLoadStrategy=normal, databaseEnabled=false, handlesAlerts=true, hasTouchScreen=false, version=61.0.3163.100, platform=WIN8_1, browserConnectionEnabled=false, nativeEvents=true, acceptSslCerts=true, locationContextEnabled=true, webStorageEnabled=true, browserName=chrome, takesScreenshot=true, javascriptEnabled=true, cssSelectorsEnabled=true, unexpectedAlertBehaviour=}]
Session ID: e312300c0692f58639b052a4ab7e8618">
      <![CDATA[org.openqa.selenium.WebDriverException: unknown error: Element is not clickable at point (905, 634)
  (Session info: chrome=61.0.3163.100)
  (Driver info: chromedriver=2.30.477700 (0057494ad8732195794a7b32078424f92a5fce41),platform=Windows NT 6.3.9600 x86_64) (WARNING: The server did not provide any stacktrace information)
Command duration or timeout: 63 milliseconds
Build info: version: '3.3.0', revision: 'b526bd5b41', time: '2017-03-07 19:26:04 +0000'
System info: host: 'AHMLPT0512', ip: '10.0.10.51', os.name: 'Windows 8.1', os.arch: 'amd64', os.version: '6.3', java.version: '1.8.0_121'
Driver info: org.openqa.selenium.chrome.ChromeDriver
Capabilities [{applicationCacheEnabled=false, rotatable=false, mobileEmulationEnabled=false, networkConnectionEnabled=false, chrome={chromedriverVersion=2.30.477700 (0057494ad8732195794a7b32078424f92a5fce41), userDataDir=C:\Users\PRANAV~1.SHA\AppData\Local\Temp\scoped_dir5812_306}, takesHeapSnapshot=true, pageLoadStrategy=normal, databaseEnabled=false, handlesAlerts=true, hasTouchScreen=false, version=61.0.3163.100, platform=WIN8_1, browserConnectionEnabled=false, nativeEvents=true, acceptSslCerts=true, locationContextEnabled=true, webStorageEnabled=true, browserName=chrome, takesScreenshot=true, javascriptEnabled=true, cssSelectorsEnabled=true, unexpectedAlertBehaviour=}]
Session ID: e312300c0692f58639b052a4ab7e8618
	at org.openqa.selenium.remote.ErrorHandler.createThrowable(ErrorHandler.java:216)
	at org.openqa.selenium.remote.ErrorHandler.throwIfResponseFailed(ErrorHandler.java:168)
	at org.openqa.selenium.remote.RemoteWebDriver.execute(RemoteWebDriver.java:638)
	at org.openqa.selenium.remote.RemoteWebElement.execute(RemoteWebElement.java:274)
	at org.openqa.selenium.remote.RemoteWebElement.click(RemoteWebElement.java:84)
	at com.wbl.pages.SearchResultPage.ClickSearchResult(SearchResultPage.java:48)
	at com.wbl.SearchResultPageTest.ClickSearchResult(SearchResultPageTest.java:39)
... Removed 28 stack frames]]>
    </failure>
  </testcase> <!-- ClickSearchResult -->
</testsuite> <!-- SmokeTest -->
